[11-08-2024_08:10:18] Connecting to Management vCenter Server VCMain.bullies.local ...
[11-08-2024_08:10:19] Deploying Cloud Builder VM vcf-m01-cb01 ...
[11-08-2024_08:18:21] Powering On vcf-m01-cb01 ...
[11-08-2024_08:18:21] Creating vApp Nested-VCF-Lab-cGpSVKXR ...
[11-08-2024_08:18:22] Moving Nested ESXi VMs into Nested-VCF-Lab-cGpSVKXR vApp ...
[11-08-2024_08:18:23] Moving vcf-m01-cb01 into Nested-VCF-Lab-cGpSVKXR vApp ...

Name                 PowerState Num CPUs MemoryGB
----                 ---------- -------- --------
vcf-m01-cb01         PoweredOn  4        4.000

[11-08-2024_08:18:24] Moving Nested-VCF-Lab-cGpSVKXR to VM Folder VCF-VMs ...

Name                 Status    CpuSharesL CpuReserva CpuLimitMh MemSharesL MemReservationG      MemLimitGB
                                     evel    tionMhz          z       evel               B
----                 ------    ---------- ---------- ---------- ---------- ---------------      ----------
Nested-VCF-Lab-cGpS… Started       Normal          0         -1     Normal           0.000          -1.000

[11-08-2024_08:18:26] Generating Cloud Builder VCF Management Domain configuration deployment file vcf-mgmt.json
[11-08-2024_08:18:26] Disconnecting from VCMain.bullies.local ...
[11-08-2024_08:18:26] VCF Lab Deployment Complete!
[11-08-2024_08:18:26] StartTime: 11/08/2024 20:10:18
[11-08-2024_08:18:26] EndTime: 11/08/2024 20:18:26
[11-08-2024_08:18:26] Duration: 8.14 minutes to Deploy Nested ESXi, CloudBuilder & initiate VCF Bringup
[11-08-2024_08:21:50] Connecting to Management vCenter Server VCMain.bullies.local ...
[11-08-2024_08:21:51] Deploying Nested ESXi VM vcf-m01-esx01 ...
[11-08-2024_08:21:51] Adding vmnic2/vmnic3 to Nested ESXi VMs ...
[11-08-2024_08:21:51] Updating vCPU Count to 12 & vMEM to 78 GB ...
[11-08-2024_08:21:51] Updating vSAN Cache VMDK size to 4 GB & Capacity VMDK size to 500 GB ...
[11-08-2024_08:21:51] Updating vSAN Boot Disk size to 32 GB ...
[11-08-2024_08:21:51] Powering On vcf-m01-esx01 ...
[11-08-2024_08:21:51] Deploying Nested ESXi VM vcf-m01-esx02 ...
[11-08-2024_08:21:51] Adding vmnic2/vmnic3 to Nested ESXi VMs ...
[11-08-2024_08:21:51] Updating vCPU Count to 12 & vMEM to 78 GB ...
[11-08-2024_08:21:51] Updating vSAN Cache VMDK size to 4 GB & Capacity VMDK size to 500 GB ...
[11-08-2024_08:21:51] Updating vSAN Boot Disk size to 32 GB ...
[11-08-2024_08:21:51] Powering On vcf-m01-esx02 ...
[11-08-2024_08:21:51] Deploying Nested ESXi VM vcf-m01-esx03 ...
[11-08-2024_08:21:51] Adding vmnic2/vmnic3 to Nested ESXi VMs ...
[11-08-2024_08:21:51] Updating vCPU Count to 12 & vMEM to 78 GB ...
[11-08-2024_08:21:51] Updating vSAN Cache VMDK size to 4 GB & Capacity VMDK size to 500 GB ...
[11-08-2024_08:21:51] Updating vSAN Boot Disk size to 32 GB ...
[11-08-2024_08:21:51] Powering On vcf-m01-esx03 ...
[11-08-2024_08:21:51] Deploying Nested ESXi VM vcf-m01-esx04 ...
[11-08-2024_08:21:51] Adding vmnic2/vmnic3 to Nested ESXi VMs ...
[11-08-2024_08:21:51] Updating vCPU Count to 12 & vMEM to 78 GB ...
[11-08-2024_08:21:51] Updating vSAN Cache VMDK size to 4 GB & Capacity VMDK size to 500 GB ...
[11-08-2024_08:21:51] Updating vSAN Boot Disk size to 32 GB ...
[11-08-2024_08:21:51] Powering On vcf-m01-esx04 ...
[11-08-2024_08:21:51] Deploying Nested ESXi VM vcf-m01-esx05 ...
[11-08-2024_08:21:51] Adding vmnic2/vmnic3 to Nested ESXi VMs ...
[11-08-2024_08:21:51] Updating vCPU Count to 8 & vMEM to 36 GB ...
[11-08-2024_08:21:51] Updating vSAN Cache VMDK size to 4 GB & Capacity VMDK size to 250 GB ...
[11-08-2024_08:21:51] Updating vSAN Boot Disk size to 32 GB ...
[11-08-2024_08:21:51] Powering On vcf-m01-esx05 ...
[11-08-2024_08:21:51] Deploying Nested ESXi VM vcf-m01-esx06 ...
[11-08-2024_08:21:51] Adding vmnic2/vmnic3 to Nested ESXi VMs ...
[11-08-2024_08:21:51] Updating vCPU Count to 8 & vMEM to 36 GB ...
[11-08-2024_08:21:51] Updating vSAN Cache VMDK size to 4 GB & Capacity VMDK size to 250 GB ...
[11-08-2024_08:21:51] Updating vSAN Boot Disk size to 32 GB ...
[11-08-2024_08:21:51] Powering On vcf-m01-esx06 ...
[11-08-2024_08:21:51] Deploying Nested ESXi VM vcf-m01-esx07 ...
[11-08-2024_08:21:51] Adding vmnic2/vmnic3 to Nested ESXi VMs ...
[11-08-2024_08:21:51] Updating vCPU Count to 8 & vMEM to 36 GB ...
[11-08-2024_08:21:51] Updating vSAN Cache VMDK size to 4 GB & Capacity VMDK size to 250 GB ...
[11-08-2024_08:21:51] Updating vSAN Boot Disk size to 32 GB ...
[11-08-2024_08:21:51] Powering On vcf-m01-esx07 ...
[11-08-2024_08:21:51] Deploying Nested ESXi VM vcf-m01-esx08 ...
[11-08-2024_08:21:51] Adding vmnic2/vmnic3 to Nested ESXi VMs ...
[11-08-2024_08:21:51] Updating vCPU Count to 8 & vMEM to 36 GB ...
[11-08-2024_08:21:51] Updating vSAN Cache VMDK size to 4 GB & Capacity VMDK size to 250 GB ...
[11-08-2024_08:21:51] Updating vSAN Boot Disk size to 32 GB ...
[11-08-2024_08:21:51] Powering On vcf-m01-esx08 ...
[11-08-2024_08:21:51] Deploying Cloud Builder VM vcf-m01-cb01 ...
[11-08-2024_08:21:51] Powering On vcf-m01-cb01 ...
[11-08-2024_08:21:51] Generating Cloud Builder VCF Management Domain configuration deployment file vcf-mgmt.json
[11-08-2024_08:21:51] Generating Cloud Builder VCF Workload Domain Host Commission file vcf-commission-host-ui.json and vcf-commission-host-api.json for SDDC Manager UI and API
[11-08-2024_08:21:51] Starting VCF Deployment Bringup ...
[11-08-2024_08:21:51] Waiting for Cloud Builder to be ready ...
[11-08-2024_08:21:56] Cloud Builder is not ready yet, sleeping for 120 seconds ...
[11-08-2024_08:24:01] Connecting to Management vCenter Server 10.0.0.111 ...
[11-08-2024_08:24:01] Deploying Nested ESXi VM vcf-m01-esx01 ...
[11-08-2024_08:24:01] Adding vmnic2/vmnic3 to Nested ESXi VMs ...
[11-08-2024_08:24:01] Updating vCPU Count to 12 & vMEM to 78 GB ...
[11-08-2024_08:24:01] Updating vSAN Cache VMDK size to 4 GB & Capacity VMDK size to 500 GB ...
[11-08-2024_08:24:01] Updating vSAN Boot Disk size to 32 GB ...
[11-08-2024_08:24:01] Powering On vcf-m01-esx01 ...
[11-08-2024_08:24:01] Deploying Nested ESXi VM vcf-m01-esx02 ...
[11-08-2024_08:24:01] Adding vmnic2/vmnic3 to Nested ESXi VMs ...
[11-08-2024_08:24:01] Updating vCPU Count to 12 & vMEM to 78 GB ...
[11-08-2024_08:24:01] Updating vSAN Cache VMDK size to 4 GB & Capacity VMDK size to 500 GB ...
[11-08-2024_08:24:01] Updating vSAN Boot Disk size to 32 GB ...
[11-08-2024_08:24:01] Powering On vcf-m01-esx02 ...
[11-08-2024_08:24:01] Deploying Nested ESXi VM vcf-m01-esx03 ...
[11-08-2024_08:24:01] Adding vmnic2/vmnic3 to Nested ESXi VMs ...
[11-08-2024_08:24:01] Updating vCPU Count to 12 & vMEM to 78 GB ...
[11-08-2024_08:24:01] Updating vSAN Cache VMDK size to 4 GB & Capacity VMDK size to 500 GB ...
[11-08-2024_08:24:01] Updating vSAN Boot Disk size to 32 GB ...
[11-08-2024_08:24:01] Powering On vcf-m01-esx03 ...
[11-08-2024_08:24:01] Deploying Nested ESXi VM vcf-m01-esx04 ...
[11-08-2024_08:24:01] Adding vmnic2/vmnic3 to Nested ESXi VMs ...
[11-08-2024_08:24:01] Updating vCPU Count to 12 & vMEM to 78 GB ...
[11-08-2024_08:24:01] Updating vSAN Cache VMDK size to 4 GB & Capacity VMDK size to 500 GB ...
[11-08-2024_08:24:01] Updating vSAN Boot Disk size to 32 GB ...
[11-08-2024_08:24:01] Powering On vcf-m01-esx04 ...
[11-08-2024_08:24:01] Deploying Nested ESXi VM vcf-m01-esx05 ...
[11-08-2024_08:24:01] Adding vmnic2/vmnic3 to Nested ESXi VMs ...
[11-08-2024_08:24:01] Updating vCPU Count to 8 & vMEM to 36 GB ...
[11-08-2024_08:24:01] Updating vSAN Cache VMDK size to 4 GB & Capacity VMDK size to 250 GB ...
[11-08-2024_08:24:01] Updating vSAN Boot Disk size to 32 GB ...
[11-08-2024_08:24:01] Powering On vcf-m01-esx05 ...
[11-08-2024_08:24:01] Deploying Nested ESXi VM vcf-m01-esx06 ...
[11-08-2024_08:24:01] Adding vmnic2/vmnic3 to Nested ESXi VMs ...
[11-08-2024_08:24:01] Updating vCPU Count to 8 & vMEM to 36 GB ...
[11-08-2024_08:24:01] Updating vSAN Cache VMDK size to 4 GB & Capacity VMDK size to 250 GB ...
[11-08-2024_08:24:01] Updating vSAN Boot Disk size to 32 GB ...
[11-08-2024_08:24:01] Powering On vcf-m01-esx06 ...
[11-08-2024_08:24:01] Deploying Nested ESXi VM vcf-m01-esx07 ...
[11-08-2024_08:24:01] Adding vmnic2/vmnic3 to Nested ESXi VMs ...
[11-08-2024_08:24:02] Updating vCPU Count to 8 & vMEM to 36 GB ...
[11-08-2024_08:24:02] Updating vSAN Cache VMDK size to 4 GB & Capacity VMDK size to 250 GB ...
[11-08-2024_08:24:02] Updating vSAN Boot Disk size to 32 GB ...
[11-08-2024_08:24:02] Powering On vcf-m01-esx07 ...
[11-08-2024_08:24:02] Deploying Nested ESXi VM vcf-m01-esx08 ...
[11-08-2024_08:24:02] Adding vmnic2/vmnic3 to Nested ESXi VMs ...
[11-08-2024_08:24:02] Updating vCPU Count to 8 & vMEM to 36 GB ...
[11-08-2024_08:24:02] Updating vSAN Cache VMDK size to 4 GB & Capacity VMDK size to 250 GB ...
[11-08-2024_08:24:02] Updating vSAN Boot Disk size to 32 GB ...
[11-08-2024_08:24:02] Powering On vcf-m01-esx08 ...
[11-08-2024_08:24:02] Deploying Cloud Builder VM vcf-m01-cb01 ...
[11-08-2024_08:24:02] Powering On vcf-m01-cb01 ...
[11-08-2024_08:24:02] Generating Cloud Builder VCF Management Domain configuration deployment file vcf-mgmt.json
[11-08-2024_08:24:02] Generating Cloud Builder VCF Workload Domain Host Commission file vcf-commission-host-ui.json and vcf-commission-host-api.json for SDDC Manager UI and API
[11-08-2024_08:24:02] Starting VCF Deployment Bringup ...
[11-08-2024_08:24:02] Waiting for Cloud Builder to be ready ...
[11-08-2024_08:24:07] Cloud Builder is not ready yet, sleeping for 120 seconds ...
[11-08-2024_08:26:12] Cloud Builder is not ready yet, sleeping for 120 seconds ...
[11-08-2024_08:28:29] Connecting to Management vCenter Server VCMain.bullies.local ...
[11-08-2024_08:28:29] Deploying Nested ESXi VM vcf-m01-esx01 ...
[11-08-2024_08:28:29] Adding vmnic2/vmnic3 to Nested ESXi VMs ...
[11-08-2024_08:28:29] Updating vCPU Count to 12 & vMEM to 78 GB ...
[11-08-2024_08:28:29] Updating vSAN Cache VMDK size to 4 GB & Capacity VMDK size to 500 GB ...
[11-08-2024_08:28:29] Updating vSAN Boot Disk size to 32 GB ...
[11-08-2024_08:28:29] Powering On vcf-m01-esx01 ...
[11-08-2024_08:28:29] Deploying Nested ESXi VM vcf-m01-esx02 ...
[11-08-2024_08:28:29] Adding vmnic2/vmnic3 to Nested ESXi VMs ...
[11-08-2024_08:28:29] Updating vCPU Count to 12 & vMEM to 78 GB ...
[11-08-2024_08:28:29] Updating vSAN Cache VMDK size to 4 GB & Capacity VMDK size to 500 GB ...
[11-08-2024_08:28:29] Updating vSAN Boot Disk size to 32 GB ...
[11-08-2024_08:28:29] Powering On vcf-m01-esx02 ...
[11-08-2024_08:28:29] Deploying Nested ESXi VM vcf-m01-esx03 ...
[11-08-2024_08:28:29] Adding vmnic2/vmnic3 to Nested ESXi VMs ...
[11-08-2024_08:28:29] Updating vCPU Count to 12 & vMEM to 78 GB ...
[11-08-2024_08:28:29] Updating vSAN Cache VMDK size to 4 GB & Capacity VMDK size to 500 GB ...
[11-08-2024_08:28:29] Updating vSAN Boot Disk size to 32 GB ...
[11-08-2024_08:28:29] Powering On vcf-m01-esx03 ...
[11-08-2024_08:28:29] Deploying Nested ESXi VM vcf-m01-esx04 ...
[11-08-2024_08:28:29] Adding vmnic2/vmnic3 to Nested ESXi VMs ...
[11-08-2024_08:28:29] Updating vCPU Count to 12 & vMEM to 78 GB ...
[11-08-2024_08:28:29] Updating vSAN Cache VMDK size to 4 GB & Capacity VMDK size to 500 GB ...
[11-08-2024_08:28:29] Updating vSAN Boot Disk size to 32 GB ...
[11-08-2024_08:28:29] Powering On vcf-m01-esx04 ...
[11-08-2024_08:28:29] Deploying Nested ESXi VM vcf-m01-esx05 ...
[11-08-2024_08:28:29] Adding vmnic2/vmnic3 to Nested ESXi VMs ...
[11-08-2024_08:28:29] Updating vCPU Count to 8 & vMEM to 36 GB ...
[11-08-2024_08:28:29] Updating vSAN Cache VMDK size to 4 GB & Capacity VMDK size to 250 GB ...
[11-08-2024_08:28:29] Updating vSAN Boot Disk size to 32 GB ...
[11-08-2024_08:28:29] Powering On vcf-m01-esx05 ...
[11-08-2024_08:28:29] Deploying Nested ESXi VM vcf-m01-esx06 ...
[11-08-2024_08:28:29] Adding vmnic2/vmnic3 to Nested ESXi VMs ...
[11-08-2024_08:28:29] Updating vCPU Count to 8 & vMEM to 36 GB ...
[11-08-2024_08:28:29] Updating vSAN Cache VMDK size to 4 GB & Capacity VMDK size to 250 GB ...
[11-08-2024_08:28:29] Updating vSAN Boot Disk size to 32 GB ...
[11-08-2024_08:28:29] Powering On vcf-m01-esx06 ...
[11-08-2024_08:28:29] Deploying Nested ESXi VM vcf-m01-esx07 ...
[11-08-2024_08:28:29] Adding vmnic2/vmnic3 to Nested ESXi VMs ...
[11-08-2024_08:28:29] Updating vCPU Count to 8 & vMEM to 36 GB ...
[11-08-2024_08:28:29] Updating vSAN Cache VMDK size to 4 GB & Capacity VMDK size to 250 GB ...
[11-08-2024_08:28:29] Updating vSAN Boot Disk size to 32 GB ...
[11-08-2024_08:28:29] Powering On vcf-m01-esx07 ...
[11-08-2024_08:28:29] Deploying Nested ESXi VM vcf-m01-esx08 ...
[11-08-2024_08:28:29] Adding vmnic2/vmnic3 to Nested ESXi VMs ...
[11-08-2024_08:28:29] Updating vCPU Count to 8 & vMEM to 36 GB ...
[11-08-2024_08:28:29] Updating vSAN Cache VMDK size to 4 GB & Capacity VMDK size to 250 GB ...
[11-08-2024_08:28:29] Updating vSAN Boot Disk size to 32 GB ...
[11-08-2024_08:28:29] Powering On vcf-m01-esx08 ...
[11-08-2024_08:28:29] Deploying Cloud Builder VM vcf-m01-cb01 ...
[11-08-2024_08:28:29] Powering On vcf-m01-cb01 ...
[11-08-2024_08:28:29] Generating Cloud Builder VCF Management Domain configuration deployment file vcf-mgmt.json
[11-08-2024_08:28:29] Generating Cloud Builder VCF Workload Domain Host Commission file vcf-commission-host-ui.json and vcf-commission-host-api.json for SDDC Manager UI and API
[11-08-2024_08:28:29] Starting VCF Deployment Bringup ...
[11-08-2024_08:28:29] Waiting for Cloud Builder to be ready ...
